<?xml version="1.0"?>
<testsuites tests="12" failures="1">
<testsuite name="k6 thresholds" tests="12" failures="1"><testcase name="http_req_duration{test_type:stress} - p(95)&lt;5000" />
<testcase name="db_query_time - p(95)&lt;500" />
<testcase name="api_response_time - p(95)&lt;1000" />
<testcase name="http_req_duration - p(95)&lt;2000" />
<testcase name="http_req_duration - p(99)&lt;5000" />
<testcase name="http_req_failed{test_type:smoke} - rate&lt;0.01" />
<testcase name="http_req_failed{test_type:load} - rate&lt;0.05" />
<testcase name="http_req_failed - rate&lt;0.1"><failure message="failed" /></testcase>
<testcase name="cache_hits - rate&gt;0.8" />
<testcase name="http_req_duration{test_type:smoke} - p(95)&lt;1000" />
<testcase name="http_req_duration{test_type:load} - p(95)&lt;2000" />
<testcase name="http_req_failed{test_type:stress} - rate&lt;0.15" />
</testsuite >
</testsuites >